<?xml version="1.0" encoding="UTF-8"?>
<testng-results ignored="0" total="2" passed="1" failed="1" skipped="0">
  <reporter-output>
  </reporter-output>
  <suite started-at="2024-09-10T16:38:57 IST" name="Surefire suite" finished-at="2024-09-10T16:40:27 IST" duration-ms="89507">
    <groups>
    </groups>
    <test started-at="2024-09-10T16:38:57 IST" name="Surefire test" finished-at="2024-09-10T16:40:27 IST" duration-ms="89507">
      <class name="dev.tests.NewBoxCreationTest">
        <test-method is-config="true" signature="setUp()[pri:0, instance:dev.tests.NewBoxCreationTest@79efed2d]" started-at="2024-09-10T16:40:13 IST" name="setUp" finished-at="2024-09-10T16:40:13 IST" duration-ms="632" status="PASS">
          <reporter-output>
          </reporter-output>
        </test-method> <!-- setUp -->
        <test-method signature="testNewBoxCreationApprove()[pri:0, instance:dev.tests.NewBoxCreationTest@79efed2d]" started-at="2024-09-10T16:40:13 IST" name="testNewBoxCreationApprove" finished-at="2024-09-10T16:40:26 IST" duration-ms="13129" status="PASS">
          <reporter-output>
          </reporter-output>
        </test-method> <!-- testNewBoxCreationApprove -->
        <test-method is-config="true" signature="tearDown()[pri:0, instance:dev.tests.NewBoxCreationTest@79efed2d]" started-at="2024-09-10T16:40:26 IST" name="tearDown" finished-at="2024-09-10T16:40:27 IST" duration-ms="187" status="PASS">
          <reporter-output>
          </reporter-output>
        </test-method> <!-- tearDown -->
      </class> <!-- dev.tests.NewBoxCreationTest -->
      <class name="dev.tests.AddCustomerTest">
        <test-method is-config="true" signature="setup()[pri:0, instance:dev.tests.AddCustomerTest@14d3bc22]" started-at="2024-09-10T16:38:57 IST" name="setup" finished-at="2024-09-10T16:39:03 IST" duration-ms="5998" status="PASS">
          <reporter-output>
          </reporter-output>
        </test-method> <!-- setup -->
        <test-method signature="testAddNewCustomer()[pri:0, instance:dev.tests.AddCustomerTest@14d3bc22]" started-at="2024-09-10T16:39:03 IST" name="testAddNewCustomer" finished-at="2024-09-10T16:39:12 IST" duration-ms="9331" status="FAIL">
          <exception class="org.openqa.selenium.ElementClickInterceptedException">
            <message>
              <![CDATA[element click intercepted: Element <input aria-invalid="false" autocomplete="off" id=":r1s:" readonly="" required="" type="text" aria-readonly="true" aria-label="Choose date" class="MuiInputBase-input MuiOutlinedInput-input MuiInputBase-inputSizeSmall Mui-readOnly MuiInputBase-readOnly css-1n4twyu-MuiInputBase-input-MuiOutlinedInput-input" value=""> is not clickable at point (809, 270). Other element would receive the click: <button class="MuiButtonBase-root MuiPickersDay-root MuiPickersDay-dayWithMargin css-bkrceb-MuiButtonBase-root-MuiPickersDay-root" tabindex="-1" type="button" role="gridcell" aria-selected="false">...</button>
  (Session info: chrome=128.0.6613.120)
Build info: version: '4.22.0', revision: 'c5f3146703*'
System info: os.name: 'Windows 10', os.arch: 'amd64', os.version: '10.0', java.version: '17.0.11'
Driver info: org.openqa.selenium.chrome.ChromeDriver
Command: [08814f04b880cc21da5d24db4309d603, clickElement {id=f.F0476FB3F580F8E72D44111BEBFA818B.d.8879556086ADA12267E289798EDBA616.e.64}]
Capabilities {acceptInsecureCerts: false, browserName: chrome, browserVersion: 128.0.6613.120, chrome: {chromedriverVersion: 127.0.6533.72 (9755e24ca85a..., userDataDir: C:\Users\A-SUDH~1.P\AppData...}, fedcm:accounts: true, goog:chromeOptions: {debuggerAddress: localhost:64708}, networkConnectionEnabled: false, pageLoadStrategy: normal, platformName: windows, proxy: Proxy(), se:cdp: ws://localhost:64708/devtoo..., se:cdpVersion: 128.0.6613.120, setWindowRect: true, strictFileInteractability: false, timeouts: {implicit: 0, pageLoad: 300000, script: 30000}, unhandledPromptBehavior: dismiss and notify, webauthn:extension:credBlob: true, webauthn:extension:largeBlob: true, webauthn:extension:minPinLength: true, webauthn:extension:prf: true, webauthn:virtualAuthenticators: true}
Element: [[ChromeDriver: chrome on windows (08814f04b880cc21da5d24db4309d603)] -> xpath: //div[@class='MuiFormControl-root MuiFormControl-fullWidth MuiTextField-root css-wb57ya-MuiFormControl-root-MuiTextField-root'][1]//input[@aria-label='Choose date']]
Session ID: 08814f04b880cc21da5d24db4309d603]]>
            </message>
            <full-stacktrace>
              <![CDATA[org.openqa.selenium.ElementClickInterceptedException: element click intercepted: Element <input aria-invalid="false" autocomplete="off" id=":r1s:" readonly="" required="" type="text" aria-readonly="true" aria-label="Choose date" class="MuiInputBase-input MuiOutlinedInput-input MuiInputBase-inputSizeSmall Mui-readOnly MuiInputBase-readOnly css-1n4twyu-MuiInputBase-input-MuiOutlinedInput-input" value=""> is not clickable at point (809, 270). Other element would receive the click: <button class="MuiButtonBase-root MuiPickersDay-root MuiPickersDay-dayWithMargin css-bkrceb-MuiButtonBase-root-MuiPickersDay-root" tabindex="-1" type="button" role="gridcell" aria-selected="false">...</button>
  (Session info: chrome=128.0.6613.120)
Build info: version: '4.22.0', revision: 'c5f3146703*'
System info: os.name: 'Windows 10', os.arch: 'amd64', os.version: '10.0', java.version: '17.0.11'
Driver info: org.openqa.selenium.chrome.ChromeDriver
Command: [08814f04b880cc21da5d24db4309d603, clickElement {id=f.F0476FB3F580F8E72D44111BEBFA818B.d.8879556086ADA12267E289798EDBA616.e.64}]
Capabilities {acceptInsecureCerts: false, browserName: chrome, browserVersion: 128.0.6613.120, chrome: {chromedriverVersion: 127.0.6533.72 (9755e24ca85a..., userDataDir: C:\Users\A-SUDH~1.P\AppData...}, fedcm:accounts: true, goog:chromeOptions: {debuggerAddress: localhost:64708}, networkConnectionEnabled: false, pageLoadStrategy: normal, platformName: windows, proxy: Proxy(), se:cdp: ws://localhost:64708/devtoo..., se:cdpVersion: 128.0.6613.120, setWindowRect: true, strictFileInteractability: false, timeouts: {implicit: 0, pageLoad: 300000, script: 30000}, unhandledPromptBehavior: dismiss and notify, webauthn:extension:credBlob: true, webauthn:extension:largeBlob: true, webauthn:extension:minPinLength: true, webauthn:extension:prf: true, webauthn:virtualAuthenticators: true}
Element: [[ChromeDriver: chrome on windows (08814f04b880cc21da5d24db4309d603)] -> xpath: //div[@class='MuiFormControl-root MuiFormControl-fullWidth MuiTextField-root css-wb57ya-MuiFormControl-root-MuiTextField-root'][1]//input[@aria-label='Choose date']]
Session ID: 08814f04b880cc21da5d24db4309d603
at java.base/jdk.internal.reflect.NativeConstructorAccessorImpl.newInstance0(Native Method)
at java.base/jdk.internal.reflect.NativeConstructorAccessorImpl.newInstance(NativeConstructorAccessorImpl.java:77)
at java.base/jdk.internal.reflect.DelegatingConstructorAccessorImpl.newInstance(DelegatingConstructorAccessorImpl.java:45)
at java.base/java.lang.reflect.Constructor.newInstanceWithCaller(Constructor.java:499)
at java.base/java.lang.reflect.Constructor.newInstance(Constructor.java:480)
at org.openqa.selenium.remote.ErrorCodec.decode(ErrorCodec.java:167)
at org.openqa.selenium.remote.codec.w3c.W3CHttpResponseCodec.decode(W3CHttpResponseCodec.java:138)
at org.openqa.selenium.remote.codec.w3c.W3CHttpResponseCodec.decode(W3CHttpResponseCodec.java:50)
at org.openqa.selenium.remote.HttpCommandExecutor.execute(HttpCommandExecutor.java:190)
at org.openqa.selenium.remote.service.DriverCommandExecutor.invokeExecute(DriverCommandExecutor.java:216)
at org.openqa.selenium.remote.service.DriverCommandExecutor.execute(DriverCommandExecutor.java:174)
at org.openqa.selenium.remote.RemoteWebDriver.execute(RemoteWebDriver.java:545)
at org.openqa.selenium.remote.RemoteWebElement.execute(RemoteWebElement.java:223)
at org.openqa.selenium.remote.RemoteWebElement.click(RemoteWebElement.java:76)
at dev.testing.AddCustomer.fillCustomerForm(AddCustomer.java:101)
at dev.tests.AddCustomerTest.testAddNewCustomer(AddCustomerTest.java:51)
at java.base/jdk.internal.reflect.NativeMethodAccessorImpl.invoke0(Native Method)
at java.base/jdk.internal.reflect.NativeMethodAccessorImpl.invoke(NativeMethodAccessorImpl.java:77)
at java.base/jdk.internal.reflect.DelegatingMethodAccessorImpl.invoke(DelegatingMethodAccessorImpl.java:43)
at java.base/java.lang.reflect.Method.invoke(Method.java:568)
at org.testng.internal.invokers.MethodInvocationHelper.invokeMethod(MethodInvocationHelper.java:139)
at org.testng.internal.invokers.TestInvoker.invokeMethod(TestInvoker.java:664)
at org.testng.internal.invokers.TestInvoker.invokeTestMethod(TestInvoker.java:227)
at org.testng.internal.invokers.MethodRunner.runInSequence(MethodRunner.java:50)
at org.testng.internal.invokers.TestInvoker$MethodInvocationAgent.invoke(TestInvoker.java:957)
at org.testng.internal.invokers.TestInvoker.invokeTestMethods(TestInvoker.java:200)
at org.testng.internal.invokers.TestMethodWorker.invokeTestMethods(TestMethodWorker.java:148)
at org.testng.internal.invokers.TestMethodWorker.run(TestMethodWorker.java:128)
at java.base/java.util.ArrayList.forEach(ArrayList.java:1511)
at org.testng.TestRunner.privateRun(TestRunner.java:848)
at org.testng.TestRunner.run(TestRunner.java:621)
at org.testng.SuiteRunner.runTest(SuiteRunner.java:443)
at org.testng.SuiteRunner.runSequentially(SuiteRunner.java:437)
at org.testng.SuiteRunner.privateRun(SuiteRunner.java:397)
at org.testng.SuiteRunner.run(SuiteRunner.java:336)
at org.testng.SuiteRunnerWorker.runSuite(SuiteRunnerWorker.java:52)
at org.testng.SuiteRunnerWorker.run(SuiteRunnerWorker.java:95)
at org.testng.TestNG.runSuitesSequentially(TestNG.java:1280)
at org.testng.TestNG.runSuitesLocally(TestNG.java:1200)
at org.testng.TestNG.runSuites(TestNG.java:1114)
at org.testng.TestNG.run(TestNG.java:1082)
at org.apache.maven.surefire.testng.TestNGExecutor.run(TestNGExecutor.java:136)
at org.apache.maven.surefire.testng.TestNGDirectoryTestSuite.executeMulti(TestNGDirectoryTestSuite.java:193)
at org.apache.maven.surefire.testng.TestNGDirectoryTestSuite.execute(TestNGDirectoryTestSuite.java:94)
at org.apache.maven.surefire.testng.TestNGProvider.invoke(TestNGProvider.java:145)
at org.apache.maven.surefire.booter.ForkedBooter.runSuitesInProcess(ForkedBooter.java:428)
at org.apache.maven.surefire.booter.ForkedBooter.execute(ForkedBooter.java:162)
at org.apache.maven.surefire.booter.ForkedBooter.run(ForkedBooter.java:562)
at org.apache.maven.surefire.booter.ForkedBooter.main(ForkedBooter.java:548)
]]>
            </full-stacktrace>
          </exception> <!-- org.openqa.selenium.ElementClickInterceptedException -->
          <reporter-output>
          </reporter-output>
        </test-method> <!-- testAddNewCustomer -->
        <test-method is-config="true" signature="tearDown()[pri:0, instance:dev.tests.AddCustomerTest@14d3bc22]" started-at="2024-09-10T16:39:12 IST" name="tearDown" finished-at="2024-09-10T16:40:13 IST" duration-ms="60192" status="PASS">
          <reporter-output>
          </reporter-output>
        </test-method> <!-- tearDown -->
      </class> <!-- dev.tests.AddCustomerTest -->
    </test> <!-- Surefire test -->
  </suite> <!-- Surefire suite -->
</testng-results>
