<?xml version="1.0" encoding="UTF-8"?>
<testsuite xmlns:xsi="http://www.w3.org/2001/XMLSchema-instance" xsi:noNamespaceSchemaLocation="https://maven.apache.org/surefire/maven-surefire-plugin/xsd/surefire-test-report-3.0.xsd" version="3.0" name="dev.tests.AddCustomerTest" time="14.488" tests="1" errors="0" skipped="0" failures="1">
  <properties>
[...]
</properties>
  <testcase name="testAddNewCustomer" classname="dev.tests.AddCustomerTest" time="9.366">
    <failure message="element click intercepted: Element &lt;input aria-invalid=&quot;false&quot; autocomplete=&quot;off&quot; id=&quot;:r1s:&quot; readonly=&quot;&quot; required=&quot;&quot; type=&quot;text&quot; aria-readonly=&quot;true&quot; aria-label=&quot;Choose date&quot; class=&quot;MuiInputBase-input MuiOutlinedInput-input MuiInputBase-inputSizeSmall Mui-readOnly MuiInputBase-readOnly css-1n4twyu-MuiInputBase-input-MuiOutlinedInput-input&quot; value=&quot;&quot;&gt; is not clickable at point (809, 270). Other element would receive the click: &lt;div role=&quot;row&quot; class=&quot;MuiDayPicker-weekContainer css-ghi3gg-MuiDayPicker-weekContainer&quot;&gt;...&lt;/div&gt;&#10;  (Session info: chrome=128.0.6613.120)&#10;Build info: version: &apos;4.22.0&apos;, revision: &apos;c5f3146703*&apos;&#10;System info: os.name: &apos;Windows 10&apos;, os.arch: &apos;amd64&apos;, os.version: &apos;10.0&apos;, java.version: &apos;17.0.11&apos;&#10;Driver info: org.openqa.selenium.chrome.ChromeDriver&#10;Command: [9695f9fee92d57925a2567b441a2c677, clickElement {id=f.501C80E5C9E15A75314E84424A6DCF60.d.64B62DCFDD654DBEFC96D918E367822D.e.41}]&#10;Capabilities {acceptInsecureCerts: false, browserName: chrome, browserVersion: 128.0.6613.120, chrome: {chromedriverVersion: 127.0.6533.72 (9755e24ca85a..., userDataDir: C:\Users\A-SUDH~1.P\AppData...}, fedcm:accounts: true, goog:chromeOptions: {debuggerAddress: localhost:62559}, networkConnectionEnabled: false, pageLoadStrategy: normal, platformName: windows, proxy: Proxy(), se:cdp: ws://localhost:62559/devtoo..., se:cdpVersion: 128.0.6613.120, setWindowRect: true, strictFileInteractability: false, timeouts: {implicit: 0, pageLoad: 300000, script: 30000}, unhandledPromptBehavior: dismiss and notify, webauthn:extension:credBlob: true, webauthn:extension:largeBlob: true, webauthn:extension:minPinLength: true, webauthn:extension:prf: true, webauthn:virtualAuthenticators: true}&#10;Element: [[ChromeDriver: chrome on windows (9695f9fee92d57925a2567b441a2c677)] -&gt; xpath: //div[@class=&apos;MuiFormControl-root MuiFormControl-fullWidth MuiTextField-root css-wb57ya-MuiFormControl-root-MuiTextField-root&apos;][1]//input[@aria-label=&apos;Choose date&apos;]]&#10;Session ID: 9695f9fee92d57925a2567b441a2c677" type="org.openqa.selenium.ElementClickInterceptedException"><![CDATA[org.openqa.selenium.ElementClickInterceptedException: 
element click intercepted: Element <input aria-invalid="false" autocomplete="off" id=":r1s:" readonly="" required="" type="text" aria-readonly="true" aria-label="Choose date" class="MuiInputBase-input MuiOutlinedInput-input MuiInputBase-inputSizeSmall Mui-readOnly MuiInputBase-readOnly css-1n4twyu-MuiInputBase-input-MuiOutlinedInput-input" value=""> is not clickable at point (809, 270). Other element would receive the click: <div role="row" class="MuiDayPicker-weekContainer css-ghi3gg-MuiDayPicker-weekContainer">...</div>
  (Session info: chrome=128.0.6613.120)
Build info: version: '4.22.0', revision: 'c5f3146703*'
System info: os.name: 'Windows 10', os.arch: 'amd64', os.version: '10.0', java.version: '17.0.11'
Driver info: org.openqa.selenium.chrome.ChromeDriver
Command: [9695f9fee92d57925a2567b441a2c677, clickElement {id=f.501C80E5C9E15A75314E84424A6DCF60.d.64B62DCFDD654DBEFC96D918E367822D.e.41}]
Capabilities {acceptInsecureCerts: false, browserName: chrome, browserVersion: 128.0.6613.120, chrome: {chromedriverVersion: 127.0.6533.72 (9755e24ca85a..., userDataDir: C:\Users\A-SUDH~1.P\AppData...}, fedcm:accounts: true, goog:chromeOptions: {debuggerAddress: localhost:62559}, networkConnectionEnabled: false, pageLoadStrategy: normal, platformName: windows, proxy: Proxy(), se:cdp: ws://localhost:62559/devtoo..., se:cdpVersion: 128.0.6613.120, setWindowRect: true, strictFileInteractability: false, timeouts: {implicit: 0, pageLoad: 300000, script: 30000}, unhandledPromptBehavior: dismiss and notify, webauthn:extension:credBlob: true, webauthn:extension:largeBlob: true, webauthn:extension:minPinLength: true, webauthn:extension:prf: true, webauthn:virtualAuthenticators: true}
Element: [[ChromeDriver: chrome on windows (9695f9fee92d57925a2567b441a2c677)] -> xpath: //div[@class='MuiFormControl-root MuiFormControl-fullWidth MuiTextField-root css-wb57ya-MuiFormControl-root-MuiTextField-root'][1]//input[@aria-label='Choose date']]
Session ID: 9695f9fee92d57925a2567b441a2c677
	at dev.tests.AddCustomerTest.testAddNewCustomer(AddCustomerTest.java:51)
]]></failure>
    <system-out><![CDATA[Login successfully
Clicking Customer button...
Clicking New Customer button...
Clicking done button 1
Screenshot saved as: reports\screenshots\05-09-2024\fillCustomerForm_error.jpg
]]></system-out>
    <system-err><![CDATA[SLF4J: No SLF4J providers were found.
SLF4J: Defaulting to no-operation (NOP) logger implementation
SLF4J: See http://www.slf4j.org/codes.html#noProviders for further details.
Sep 05, 2024 2:29:08 PM org.openqa.selenium.devtools.CdpVersionFinder findNearestMatch
WARNING: Unable to find an exact match for CDP version 128, returning the closest version; found: 126; Please update to a Selenium version that supports CDP version 128
]]></system-err>
  </testcase>
</testsuite>