<?xml version="1.0" encoding="UTF-8"?>
<testng-results ignored="0" total="1" passed="1" failed="0" skipped="0">
  <reporter-output>
  </reporter-output>
  <suite started-at="2024-09-10T15:01:11 IST" name="Surefire suite" finished-at="2024-09-10T15:01:23 IST" duration-ms="11734">
    <groups>
    </groups>
    <test started-at="2024-09-10T15:01:11 IST" name="Surefire test" finished-at="2024-09-10T15:01:23 IST" duration-ms="11734">
      <class name="dev.tests.NewBoxCreationTest">
        <test-method is-config="true" signature="setUp()[pri:0, instance:dev.tests.NewBoxCreationTest@3d121db3]" started-at="2024-09-10T15:01:12 IST" name="setUp" finished-at="2024-09-10T15:01:13 IST" duration-ms="1097" status="PASS">
          <reporter-output>
          </reporter-output>
        </test-method> <!-- setUp -->
        <test-method signature="testNewBoxCreationApprove()[pri:0, instance:dev.tests.NewBoxCreationTest@3d121db3]" started-at="2024-09-10T15:01:13 IST" name="testNewBoxCreationApprove" finished-at="2024-09-10T15:01:23 IST" duration-ms="10495" status="PASS">
          <reporter-output>
          </reporter-output>
        </test-method> <!-- testNewBoxCreationApprove -->
        <test-method is-config="true" signature="tearDown()[pri:0, instance:dev.tests.NewBoxCreationTest@3d121db3]" started-at="2024-09-10T15:01:23 IST" name="tearDown" finished-at="2024-09-10T15:01:23 IST" duration-ms="115" status="PASS">
          <reporter-output>
          </reporter-output>
        </test-method> <!-- tearDown -->
      </class> <!-- dev.tests.NewBoxCreationTest -->
    </test> <!-- Surefire test -->
  </suite> <!-- Surefire suite -->
</testng-results>
